12:05:28.082 [Test worker] INFO  com.busanit501.jsp_server_project1._0204_6_TodoServiceTests-로그 라이브러리 Log4j2 기능 테스트
12:05:28.089 [Test worker] INFO  com.busanit501.jsp_server_project1._0204_6_TodoServiceTests-_0204_1_TodoDTO(tno=null, title=샘플제목, 오늘 점심 뭐먹지?, dueDate=2026-02-04, finished=true)
12:05:28.113 [Test worker] INFO  com.busanit501.jsp_server_project1._0204_todo.service._0204_4_TodoService-_0204_4_TodoService에서 register 작업중, 변환 결과 확인 todoVO : _0204_2_TodoVO(tno=null, title=샘플제목, 오늘 점심 뭐먹지?, dueDate=2026-02-04, finished=true)
14:22:41.535 [Test worker] INFO  com.busanit501.jsp_server_project1._0204_6_TodoServiceTests-로그 라이브러리 Log4j2 기능 테스트
14:22:41.545 [Test worker] INFO  com.busanit501.jsp_server_project1._0204_6_TodoServiceTests-_0204_1_TodoDTO(tno=null, title=샘플제목, 오늘 점심 뭐먹지?, dueDate=2026-02-04, finished=true)
14:22:41.580 [Test worker] INFO  com.busanit501.jsp_server_project1._0204_todo.service._0204_4_TodoService-_0204_4_TodoService에서 register 작업중, 변환 결과 확인 todoVO : _0204_2_TodoVO(tno=null, title=샘플제목, 오늘 점심 뭐먹지?, dueDate=2026-02-04, finished=true)
14:26:17.128 [Test worker] INFO  com.busanit501.jsp_server_project1._0204_6_TodoServiceTests-로그 라이브러리 Log4j2 기능 테스트
14:26:17.132 [Test worker] INFO  com.busanit501.jsp_server_project1._0204_6_TodoServiceTests-_0204_1_TodoDTO(tno=null, title=샘플제목, 오늘 점심 뭐먹지?, dueDate=2026-02-04, finished=true)
14:26:17.154 [Test worker] INFO  com.busanit501.jsp_server_project1._0204_todo.service._0204_4_TodoService-_0204_4_TodoService에서 register 작업중, 변환 결과 확인 todoVO : _0204_2_TodoVO(tno=null, title=샘플제목, 오늘 점심 뭐먹지?, dueDate=2026-02-04, finished=true)
14:27:41.731 [Test worker] INFO  com.busanit501.jsp_server_project1._0204_6_TodoServiceTests-로그 라이브러리 Log4j2 기능 테스트
14:27:41.735 [Test worker] INFO  com.busanit501.jsp_server_project1._0204_6_TodoServiceTests-_0204_1_TodoDTO(tno=null, title=샘플제목, 오늘 점심 뭐먹지?, dueDate=2026-02-04, finished=true)
14:27:41.753 [Test worker] INFO  com.busanit501.jsp_server_project1._0204_todo.service._0204_4_TodoService-_0204_4_TodoService에서 register 작업중, 변환 결과 확인 todoVO : _0204_2_TodoVO(tno=null, title=샘플제목, 오늘 점심 뭐먹지?, dueDate=2026-02-04, finished=true)
14:28:01.560 [Test worker] INFO  com.busanit501.jsp_server_project1._0204_6_TodoServiceTests-로그 라이브러리 Log4j2 기능 테스트
14:28:01.565 [Test worker] INFO  com.busanit501.jsp_server_project1._0204_6_TodoServiceTests-_0204_1_TodoDTO(tno=null, title=샘플제목, 오늘 점심 뭐먹지?, dueDate=2026-02-04, finished=true)
14:28:01.594 [Test worker] INFO  com.busanit501.jsp_server_project1._0204_todo.service._0204_4_TodoService-_0204_4_TodoService에서 register 작업중, 변환 결과 확인 todoVO : _0204_2_TodoVO(tno=null, title=샘플제목, 오늘 점심 뭐먹지?, dueDate=2026-02-04, finished=true)
14:28:10.414 [Test worker] INFO  com.busanit501.jsp_server_project1._0204_6_TodoServiceTests-로그 라이브러리 Log4j2 기능 테스트
14:28:10.418 [Test worker] INFO  com.busanit501.jsp_server_project1._0204_6_TodoServiceTests-_0204_1_TodoDTO(tno=null, title=샘플제목, 오늘 점심 뭐먹지?, dueDate=2026-02-04, finished=true)
14:28:10.437 [Test worker] INFO  com.busanit501.jsp_server_project1._0204_todo.service._0204_4_TodoService-_0204_4_TodoService에서 register 작업중, 변환 결과 확인 todoVO : _0204_2_TodoVO(tno=null, title=샘플제목, 오늘 점심 뭐먹지?, dueDate=2026-02-04, finished=true)
14:28:36.149 [Test worker] INFO  com.busanit501.jsp_server_project1._0204_6_TodoServiceTests-로그 라이브러리 Log4j2 기능 테스트
14:28:36.153 [Test worker] INFO  com.busanit501.jsp_server_project1._0204_6_TodoServiceTests-_0204_1_TodoDTO(tno=null, title=샘플제목, 오늘 점심 뭐먹지?, dueDate=2026-02-04, finished=true)
14:28:36.174 [Test worker] INFO  com.busanit501.jsp_server_project1._0204_todo.service._0204_4_TodoService-_0204_4_TodoService에서 register 작업중, 변환 결과 확인 todoVO : _0204_2_TodoVO(tno=null, title=샘플제목, 오늘 점심 뭐먹지?, dueDate=2026-02-04, finished=true)
14:29:39.494 [Test worker] INFO  com.busanit501.jsp_server_project1._0204_6_TodoServiceTests-로그 라이브러리 Log4j2 기능 테스트
14:29:39.498 [Test worker] INFO  com.busanit501.jsp_server_project1._0204_6_TodoServiceTests-_0204_1_TodoDTO(tno=null, title=샘플제목, 오늘 점심 뭐먹지?, dueDate=2026-02-04, finished=true)
14:29:39.518 [Test worker] INFO  com.busanit501.jsp_server_project1._0204_todo.service._0204_4_TodoService-_0204_4_TodoService에서 register 작업중, 변환 결과 확인 todoVO : _0204_2_TodoVO(tno=null, title=샘플제목, 오늘 점심 뭐먹지?, dueDate=2026-02-04, finished=true)
14:38:06.143 [Test worker] INFO  com.busanit501.jsp_server_project1._0204_6_TodoServiceTests-로그 라이브러리 Log4j2 기능 테스트
14:38:06.148 [Test worker] INFO  com.busanit501.jsp_server_project1._0204_6_TodoServiceTests-_0204_1_TodoDTO(tno=null, title=샘플제목, 오늘 점심 뭐먹지?, dueDate=2026-02-04, finished=true)
14:38:06.166 [Test worker] INFO  com.busanit501.jsp_server_project1._0204_todo.service._0204_4_TodoService-_0204_4_TodoService에서 register 작업중, 변환 결과 확인 todoVO : _0204_2_TodoVO(tno=null, title=샘플제목, 오늘 점심 뭐먹지?, dueDate=2026-02-04, finished=true)
14:38:22.873 [Test worker] INFO  com.busanit501.jsp_server_project1._0204_6_TodoServiceTests-로그 라이브러리 Log4j2 기능 테스트
14:38:22.877 [Test worker] INFO  com.busanit501.jsp_server_project1._0204_6_TodoServiceTests-_0204_1_TodoDTO(tno=null, title=샘플제목, 오늘 점심 뭐먹지?, dueDate=2026-02-04, finished=true)
14:38:22.897 [Test worker] INFO  com.busanit501.jsp_server_project1._0204_todo.service._0204_4_TodoService-_0204_4_TodoService에서 register 작업중, 변환 결과 확인 todoVO : _0204_2_TodoVO(tno=null, title=샘플제목, 오늘 점심 뭐먹지?, dueDate=2026-02-04, finished=true)
14:38:32.335 [Test worker] INFO  com.busanit501.jsp_server_project1._0204_6_TodoServiceTests-로그 라이브러리 Log4j2 기능 테스트
14:38:32.339 [Test worker] INFO  com.busanit501.jsp_server_project1._0204_6_TodoServiceTests-_0204_1_TodoDTO(tno=null, title=샘플제목, 오늘 점심 뭐먹지?, dueDate=2026-02-04, finished=true)
14:38:32.358 [Test worker] INFO  com.busanit501.jsp_server_project1._0204_todo.service._0204_4_TodoService-_0204_4_TodoService에서 register 작업중, 변환 결과 확인 todoVO : _0204_2_TodoVO(tno=null, title=샘플제목, 오늘 점심 뭐먹지?, dueDate=2026-02-04, finished=true)
14:38:57.163 [Test worker] INFO  com.busanit501.jsp_server_project1._0204_6_TodoServiceTests-로그 라이브러리 Log4j2 기능 테스트
14:38:57.168 [Test worker] INFO  com.busanit501.jsp_server_project1._0204_6_TodoServiceTests-_0204_1_TodoDTO(tno=null, title=샘플제목, 오늘 점심 뭐먹지?, dueDate=2026-02-04, finished=true)
14:38:57.188 [Test worker] INFO  com.busanit501.jsp_server_project1._0204_todo.service._0204_4_TodoService-_0204_4_TodoService에서 register 작업중, 변환 결과 확인 todoVO : _0204_2_TodoVO(tno=null, title=샘플제목, 오늘 점심 뭐먹지?, dueDate=2026-02-04, finished=true)
14:39:22.847 [Test worker] INFO  com.busanit501.jsp_server_project1._0204_6_TodoServiceTests-로그 라이브러리 Log4j2 기능 테스트
14:39:22.852 [Test worker] INFO  com.busanit501.jsp_server_project1._0204_6_TodoServiceTests-_0204_1_TodoDTO(tno=null, title=샘플제목, 오늘 점심 뭐먹지?, dueDate=2026-02-04, finished=true)
14:39:22.874 [Test worker] INFO  com.busanit501.jsp_server_project1._0204_todo.service._0204_4_TodoService-_0204_4_TodoService에서 register 작업중, 변환 결과 확인 todoVO : _0204_2_TodoVO(tno=null, title=샘플제목, 오늘 점심 뭐먹지?, dueDate=2026-02-04, finished=true)
15:31:59.990 [Test worker] INFO  com.busanit501.jsp_server_project1._0204_6_TodoServiceTests-로그 라이브러리 Log4j2 기능 테스트
15:31:59.994 [Test worker] INFO  com.busanit501.jsp_server_project1._0204_6_TodoServiceTests-_0204_1_TodoDTO(tno=null, title=샘플제목, 오늘 점심 뭐먹지?, dueDate=2026-02-04, finished=true)
15:32:00.015 [Test worker] INFO  com.busanit501.jsp_server_project1._0204_todo.service._0204_4_TodoService-_0204_4_TodoService에서 register 작업중, 변환 결과 확인 todoVO : _0204_2_TodoVO(tno=null, title=샘플제목, 오늘 점심 뭐먹지?, dueDate=2026-02-04, finished=true)
15:55:43.659 [Test worker] INFO  com.busanit501.jsp_server_project1._0204_6_TodoServiceTests-로그 라이브러리 Log4j2 기능 테스트
15:55:43.662 [Test worker] INFO  com.busanit501.jsp_server_project1._0204_6_TodoServiceTests-_0204_1_TodoDTO(tno=null, title=샘플제목, 오늘 점심 뭐먹지?, dueDate=2026-02-04, finished=true)
15:55:43.683 [Test worker] INFO  com.busanit501.jsp_server_project1._0204_todo.service._0204_4_TodoService-_0204_4_TodoService에서 register 작업중, 변환 결과 확인 todoVO : _0204_2_TodoVO(tno=null, title=샘플제목, 오늘 점심 뭐먹지?, dueDate=2026-02-04, finished=true)
16:01:00.433 [Test worker] INFO  com.busanit501.jsp_server_project1._0204_6_TodoServiceTests-로그 라이브러리 Log4j2 기능 테스트
16:01:00.437 [Test worker] INFO  com.busanit501.jsp_server_project1._0204_6_TodoServiceTests-_0204_1_TodoDTO(tno=null, title=샘플제목, 오늘 점심 뭐먹지?, dueDate=2026-02-04, finished=true)
16:01:00.458 [Test worker] INFO  com.busanit501.jsp_server_project1._0204_todo.service._0204_4_TodoService-_0204_4_TodoService에서 register 작업중, 변환 결과 확인 todoVO : _0204_2_TodoVO(tno=null, title=샘플제목, 오늘 점심 뭐먹지?, dueDate=2026-02-04, finished=true)
16:32:37.116 [Test worker] INFO  com.busanit501.jsp_server_project1._0204_6_TodoServiceTests-로그 라이브러리 Log4j2 기능 테스트
16:32:37.120 [Test worker] INFO  com.busanit501.jsp_server_project1._0204_6_TodoServiceTests-_0204_1_TodoDTO(tno=null, title=샘플제목, 오늘 점심 뭐먹지?, dueDate=2026-02-04, finished=true)
16:32:37.140 [Test worker] INFO  com.busanit501.jsp_server_project1._0204_todo.service._0204_4_TodoService-_0204_4_TodoService에서 register 작업중, 변환 결과 확인 todoVO : _0204_2_TodoVO(tno=null, title=샘플제목, 오늘 점심 뭐먹지?, dueDate=2026-02-04, finished=true)
16:32:41.922 [Test worker] INFO  com.busanit501.jsp_server_project1._0204_6_TodoServiceTests-로그 라이브러리 Log4j2 기능 테스트
16:32:41.926 [Test worker] INFO  com.busanit501.jsp_server_project1._0204_6_TodoServiceTests-_0204_1_TodoDTO(tno=null, title=샘플제목, 오늘 점심 뭐먹지?, dueDate=2026-02-04, finished=true)
16:32:41.945 [Test worker] INFO  com.busanit501.jsp_server_project1._0204_todo.service._0204_4_TodoService-_0204_4_TodoService에서 register 작업중, 변환 결과 확인 todoVO : _0204_2_TodoVO(tno=null, title=샘플제목, 오늘 점심 뭐먹지?, dueDate=2026-02-04, finished=true)
16:33:09.171 [Test worker] INFO  com.busanit501.jsp_server_project1._0204_6_TodoServiceTests-로그 라이브러리 Log4j2 기능 테스트
16:33:09.175 [Test worker] INFO  com.busanit501.jsp_server_project1._0204_6_TodoServiceTests-_0204_1_TodoDTO(tno=null, title=샘플제목, 오늘 점심 뭐먹지?, dueDate=2026-02-04, finished=true)
16:33:09.197 [Test worker] INFO  com.busanit501.jsp_server_project1._0204_todo.service._0204_4_TodoService-_0204_4_TodoService에서 register 작업중, 변환 결과 확인 todoVO : _0204_2_TodoVO(tno=null, title=샘플제목, 오늘 점심 뭐먹지?, dueDate=2026-02-04, finished=true)
16:36:38.296 [Test worker] INFO  com.busanit501.jsp_server_project1._0204_6_TodoServiceTests-로그 라이브러리 Log4j2 기능 테스트
16:36:38.300 [Test worker] INFO  com.busanit501.jsp_server_project1._0204_6_TodoServiceTests-_0204_1_TodoDTO(tno=null, title=샘플제목, 오늘 점심 뭐먹지?, dueDate=2026-02-04, finished=true)
16:36:38.322 [Test worker] INFO  com.busanit501.jsp_server_project1._0204_todo.service._0204_4_TodoService-_0204_4_TodoService에서 register 작업중, 변환 결과 확인 todoVO : _0204_2_TodoVO(tno=null, title=샘플제목, 오늘 점심 뭐먹지?, dueDate=2026-02-04, finished=true)
17:00:10.313 [Test worker] INFO  com.busanit501.jsp_server_project1._0204_6_TodoServiceTests-로그 라이브러리 Log4j2 기능 테스트
17:00:10.329 [Test worker] INFO  com.busanit501.jsp_server_project1._0204_6_TodoServiceTests-_0204_1_TodoDTO(tno=null, title=샘플제목, 오늘 점심 뭐먹지?, dueDate=2026-02-04, finished=true)
17:00:10.360 [Test worker] INFO  com.busanit501.jsp_server_project1._0204_todo.service._0204_4_TodoService-_0204_4_TodoService에서 register 작업중, 변환 결과 확인 todoVO : _0204_2_TodoVO(tno=null, title=샘플제목, 오늘 점심 뭐먹지?, dueDate=2026-02-04, finished=true)
17:01:50.198 [Test worker] INFO  com.busanit501.jsp_server_project1._0204_6_TodoServiceTests-로그 라이브러리 Log4j2 기능 테스트
17:01:50.202 [Test worker] INFO  com.busanit501.jsp_server_project1._0204_6_TodoServiceTests-_0204_1_TodoDTO(tno=null, title=샘플제목, 오늘 점심 뭐먹지?, dueDate=2026-02-04, finished=true)
17:01:50.223 [Test worker] INFO  com.busanit501.jsp_server_project1._0204_todo.service._0204_4_TodoService-_0204_4_TodoService에서 register 작업중, 변환 결과 확인 todoVO : _0204_2_TodoVO(tno=null, title=샘플제목, 오늘 점심 뭐먹지?, dueDate=2026-02-04, finished=true)
17:03:35.243 [Test worker] INFO  com.busanit501.jsp_server_project1._0204_6_TodoServiceTests-로그 라이브러리 Log4j2 기능 테스트
17:03:35.248 [Test worker] INFO  com.busanit501.jsp_server_project1._0204_6_TodoServiceTests-_0204_1_TodoDTO(tno=null, title=샘플제목, 오늘 점심 뭐먹지?, dueDate=2026-02-04, finished=true)
17:03:35.270 [Test worker] INFO  com.busanit501.jsp_server_project1._0204_todo.service._0204_4_TodoService-_0204_4_TodoService에서 register 작업중, 변환 결과 확인 todoVO : _0204_2_TodoVO(tno=null, title=샘플제목, 오늘 점심 뭐먹지?, dueDate=2026-02-04, finished=true)
09:39:29.749 [Test worker] INFO  com.busanit501.jsp_server_project1._0204_6_TodoServiceTests-로그 라이브러리 Log4j2 기능 테스트
09:39:29.754 [Test worker] INFO  com.busanit501.jsp_server_project1._0204_6_TodoServiceTests-_0204_1_TodoDTO(tno=null, title=샘플제목, 오늘 점심 뭐먹지?, dueDate=2026-02-05, finished=true)
09:39:29.805 [Test worker] INFO  com.busanit501.jsp_server_project1._0204_todo.service._0204_4_TodoService-_0204_4_TodoService에서 register 작업중, 변환 결과 확인 todoVO : _0204_2_TodoVO(tno=null, title=샘플제목, 오늘 점심 뭐먹지?, dueDate=2026-02-05, finished=true)
10:32:40.217 [Test worker] INFO  com.busanit501.jsp_server_project1._0204_6_TodoServiceTests-로그 라이브러리 Log4j2 기능 테스트
10:32:40.221 [Test worker] INFO  com.busanit501.jsp_server_project1._0204_6_TodoServiceTests-_0204_1_TodoDTO(tno=null, title=샘플제목, 오늘 점심 뭐먹지?, dueDate=2026-02-05, finished=true)
10:32:40.240 [Test worker] INFO  com.busanit501.jsp_server_project1._0204_todo.service._0204_4_TodoService-_0204_4_TodoService에서 register 작업중, 변환 결과 확인 todoVO : _0204_2_TodoVO(tno=null, title=샘플제목, 오늘 점심 뭐먹지?, dueDate=2026-02-05, finished=true)
10:39:04.722 [Test worker] INFO  com.busanit501.jsp_server_project1._0204_6_TodoServiceTests-로그 라이브러리 Log4j2 기능 테스트
10:39:04.726 [Test worker] INFO  com.busanit501.jsp_server_project1._0204_6_TodoServiceTests-_0204_1_TodoDTO(tno=null, title=샘플제목, 오늘 점심 뭐먹지?, dueDate=2026-02-05, finished=true)
10:39:04.745 [Test worker] INFO  com.busanit501.jsp_server_project1._0204_todo.service._0204_4_TodoService-_0204_4_TodoService에서 register 작업중, 변환 결과 확인 todoVO : _0204_2_TodoVO(tno=null, title=샘플제목, 오늘 점심 뭐먹지?, dueDate=2026-02-05, finished=true)
10:43:18.912 [Test worker] INFO  com.busanit501.jsp_server_project1._0204_6_TodoServiceTests-로그 라이브러리 Log4j2 기능 테스트
10:43:18.915 [Test worker] INFO  com.busanit501.jsp_server_project1._0204_6_TodoServiceTests-_0204_1_TodoDTO(tno=null, title=샘플제목, 오늘 점심 뭐먹지?, dueDate=2026-02-05, finished=true)
10:43:18.937 [Test worker] INFO  com.busanit501.jsp_server_project1._0204_todo.service._0204_4_TodoService-_0204_4_TodoService에서 register 작업중, 변환 결과 확인 todoVO : _0204_2_TodoVO(tno=null, title=샘플제목, 오늘 점심 뭐먹지?, dueDate=2026-02-05, finished=true)
10:49:45.390 [Test worker] INFO  com.busanit501.jsp_server_project1._0204_6_TodoServiceTests-로그 라이브러리 Log4j2 기능 테스트
10:49:45.395 [Test worker] INFO  com.busanit501.jsp_server_project1._0204_6_TodoServiceTests-_0204_1_TodoDTO(tno=null, title=샘플제목, 오늘 점심 뭐먹지?, dueDate=2026-02-05, finished=true)
10:49:45.415 [Test worker] INFO  com.busanit501.jsp_server_project1._0204_todo.service._0204_4_TodoService-_0204_4_TodoService에서 register 작업중, 변환 결과 확인 todoVO : _0204_2_TodoVO(tno=null, title=샘플제목, 오늘 점심 뭐먹지?, dueDate=2026-02-05, finished=true)
10:51:07.590 [Test worker] INFO  com.busanit501.jsp_server_project1._0204_6_TodoServiceTests-로그 라이브러리 Log4j2 기능 테스트
10:51:07.594 [Test worker] INFO  com.busanit501.jsp_server_project1._0204_6_TodoServiceTests-_0204_1_TodoDTO(tno=null, title=샘플제목, 오늘 점심 뭐먹지?, dueDate=2026-02-05, finished=true)
10:51:07.616 [Test worker] INFO  com.busanit501.jsp_server_project1._0204_todo.service._0204_4_TodoService-_0204_4_TodoService에서 register 작업중, 변환 결과 확인 todoVO : _0204_2_TodoVO(tno=null, title=샘플제목, 오늘 점심 뭐먹지?, dueDate=2026-02-05, finished=true)
10:53:44.401 [Test worker] INFO  com.busanit501.jsp_server_project1._0204_6_TodoServiceTests-로그 라이브러리 Log4j2 기능 테스트
10:53:44.405 [Test worker] INFO  com.busanit501.jsp_server_project1._0204_6_TodoServiceTests-_0204_1_TodoDTO(tno=null, title=샘플제목, 오늘 점심 뭐먹지?, dueDate=2026-02-05, finished=true)
10:53:44.426 [Test worker] INFO  com.busanit501.jsp_server_project1._0204_todo.service._0204_4_TodoService-_0204_4_TodoService에서 register 작업중, 변환 결과 확인 todoVO : _0204_2_TodoVO(tno=null, title=샘플제목, 오늘 점심 뭐먹지?, dueDate=2026-02-05, finished=true)
11:00:16.690 [Test worker] INFO  com.busanit501.jsp_server_project1._0204_6_TodoServiceTests-로그 라이브러리 Log4j2 기능 테스트
11:00:16.695 [Test worker] INFO  com.busanit501.jsp_server_project1._0204_6_TodoServiceTests-_0204_1_TodoDTO(tno=null, title=샘플제목, 오늘 점심 뭐먹지?, dueDate=2026-02-05, finished=true)
11:00:16.718 [Test worker] INFO  com.busanit501.jsp_server_project1._0204_todo.service._0204_4_TodoService-_0204_4_TodoService에서 register 작업중, 변환 결과 확인 todoVO : _0204_2_TodoVO(tno=null, title=샘플제목, 오늘 점심 뭐먹지?, dueDate=2026-02-05, finished=true)
11:30:51.968 [Test worker] INFO  com.busanit501.jsp_server_project1._0204_6_TodoServiceTests-로그 라이브러리 Log4j2 기능 테스트
11:30:51.972 [Test worker] INFO  com.busanit501.jsp_server_project1._0204_6_TodoServiceTests-_0204_1_TodoDTO(tno=null, title=샘플제목, 오늘 점심 뭐먹지?, dueDate=2026-02-05, finished=true)
11:30:51.991 [Test worker] INFO  com.busanit501.jsp_server_project1._0204_todo.service._0204_4_TodoService-_0204_4_TodoService에서 register 작업중, 변환 결과 확인 todoVO : _0204_2_TodoVO(tno=null, title=샘플제목, 오늘 점심 뭐먹지?, dueDate=2026-02-05, finished=true)
11:36:25.995 [Test worker] INFO  com.busanit501.jsp_server_project1._0204_6_TodoServiceTests-로그 라이브러리 Log4j2 기능 테스트
11:36:25.999 [Test worker] INFO  com.busanit501.jsp_server_project1._0204_6_TodoServiceTests-_0204_1_TodoDTO(tno=null, title=샘플제목, 오늘 점심 뭐먹지?, dueDate=2026-02-05, finished=true)
11:36:26.021 [Test worker] INFO  com.busanit501.jsp_server_project1._0204_todo.service._0204_4_TodoService-_0204_4_TodoService에서 register 작업중, 변환 결과 확인 todoVO : _0204_2_TodoVO(tno=null, title=샘플제목, 오늘 점심 뭐먹지?, dueDate=2026-02-05, finished=true)
11:37:51.506 [Test worker] INFO  com.busanit501.jsp_server_project1._0204_6_TodoServiceTests-로그 라이브러리 Log4j2 기능 테스트
11:37:51.510 [Test worker] INFO  com.busanit501.jsp_server_project1._0204_6_TodoServiceTests-_0204_1_TodoDTO(tno=null, title=샘플제목, 오늘 점심 뭐먹지?, dueDate=2026-02-05, finished=true)
11:37:51.528 [Test worker] INFO  com.busanit501.jsp_server_project1._0204_todo.service._0204_4_TodoService-_0204_4_TodoService에서 register 작업중, 변환 결과 확인 todoVO : _0204_2_TodoVO(tno=null, title=샘플제목, 오늘 점심 뭐먹지?, dueDate=2026-02-05, finished=true)
11:41:41.891 [Test worker] INFO  com.busanit501.jsp_server_project1._0204_6_TodoServiceTests-로그 라이브러리 Log4j2 기능 테스트
11:41:41.894 [Test worker] INFO  com.busanit501.jsp_server_project1._0204_6_TodoServiceTests-_0204_1_TodoDTO(tno=null, title=샘플제목, 오늘 점심 뭐먹지?, dueDate=2026-02-05, finished=true)
11:41:41.913 [Test worker] INFO  com.busanit501.jsp_server_project1._0204_todo.service._0204_4_TodoService-_0204_4_TodoService에서 register 작업중, 변환 결과 확인 todoVO : _0204_2_TodoVO(tno=null, title=샘플제목, 오늘 점심 뭐먹지?, dueDate=2026-02-05, finished=true)
11:44:26.577 [Test worker] INFO  com.busanit501.jsp_server_project1._0204_6_TodoServiceTests-로그 라이브러리 Log4j2 기능 테스트
11:44:26.581 [Test worker] INFO  com.busanit501.jsp_server_project1._0204_6_TodoServiceTests-_0204_1_TodoDTO(tno=null, title=샘플제목, 오늘 점심 뭐먹지?, dueDate=2026-02-05, finished=true)
11:44:26.602 [Test worker] INFO  com.busanit501.jsp_server_project1._0204_todo.service._0204_4_TodoService-_0204_4_TodoService에서 register 작업중, 변환 결과 확인 todoVO : _0204_2_TodoVO(tno=null, title=샘플제목, 오늘 점심 뭐먹지?, dueDate=2026-02-05, finished=true)
11:47:43.631 [Test worker] INFO  com.busanit501.jsp_server_project1._0204_6_TodoServiceTests-로그 라이브러리 Log4j2 기능 테스트
11:47:43.636 [Test worker] INFO  com.busanit501.jsp_server_project1._0204_6_TodoServiceTests-_0204_1_TodoDTO(tno=null, title=샘플제목, 오늘 점심 뭐먹지?, dueDate=2026-02-05, finished=true)
11:47:43.657 [Test worker] INFO  com.busanit501.jsp_server_project1._0204_todo.service._0204_4_TodoService-_0204_4_TodoService에서 register 작업중, 변환 결과 확인 todoVO : _0204_2_TodoVO(tno=null, title=샘플제목, 오늘 점심 뭐먹지?, dueDate=2026-02-05, finished=true)
11:51:01.583 [Test worker] INFO  com.busanit501.jsp_server_project1._0204_6_TodoServiceTests-로그 라이브러리 Log4j2 기능 테스트
11:51:01.587 [Test worker] INFO  com.busanit501.jsp_server_project1._0204_6_TodoServiceTests-_0204_1_TodoDTO(tno=null, title=샘플제목, 오늘 점심 뭐먹지?, dueDate=2026-02-05, finished=true)
11:51:01.608 [Test worker] INFO  com.busanit501.jsp_server_project1._0204_todo.service._0204_4_TodoService-_0204_4_TodoService에서 register 작업중, 변환 결과 확인 todoVO : _0204_2_TodoVO(tno=null, title=샘플제목, 오늘 점심 뭐먹지?, dueDate=2026-02-05, finished=true)
11:52:21.958 [Test worker] INFO  com.busanit501.jsp_server_project1._0204_6_TodoServiceTests-로그 라이브러리 Log4j2 기능 테스트
11:52:21.961 [Test worker] INFO  com.busanit501.jsp_server_project1._0204_6_TodoServiceTests-_0204_1_TodoDTO(tno=null, title=샘플제목, 오늘 점심 뭐먹지?, dueDate=2026-02-05, finished=true)
11:52:21.979 [Test worker] INFO  com.busanit501.jsp_server_project1._0204_todo.service._0204_4_TodoService-_0204_4_TodoService에서 register 작업중, 변환 결과 확인 todoVO : _0204_2_TodoVO(tno=null, title=샘플제목, 오늘 점심 뭐먹지?, dueDate=2026-02-05, finished=true)
09:19:40.303 [Test worker] INFO  com.busanit501.jsp_server_project1._0204_6_TodoServiceTests-로그 라이브러리 Log4j2 기능 테스트
09:19:40.307 [Test worker] INFO  com.busanit501.jsp_server_project1._0204_6_TodoServiceTests-_0204_1_TodoDTO(tno=null, title=샘플제목, 오늘 점심 뭐먹지?, dueDate=2026-02-06, finished=true)
09:19:40.345 [Test worker] INFO  com.busanit501.jsp_server_project1._0204_todo.service._0204_4_TodoService-_0204_4_TodoService에서 register 작업중, 변환 결과 확인 todoVO : _0204_2_TodoVO(tno=null, title=샘플제목, 오늘 점심 뭐먹지?, dueDate=2026-02-06, finished=true)
10:36:26.738 [Test worker] INFO  com.busanit501.jsp_server_project1.sample.SampleTests-실제 객체가 활성화가 되었는지 여부를 객체를 조회해보기,com.busanit501.jsp_server_project1.springex_0212.sample._2_SampleService_0212@7068f7ca
11:04:57.443 [Test worker] INFO  com.busanit501.jsp_server_project1.sample.SampleTests-실제 객체가 활성화가 되었는지 여부를 객체를 조회해보기,com.busanit501.jsp_server_project1.springex_0212.sample._2_SampleService_0212@7068f7ca
11:35:32.877 [Test worker] INFO  com.busanit501.jsp_server_project1.sample.SampleTests-실제 객체가 활성화가 되었는지 여부를 객체를 조회해보기,com.busanit501.jsp_server_project1.springex_0212.sample._2_SampleService_0212@4632cfc
11:36:26.075 [Test worker] INFO  com.busanit501.jsp_server_project1.sample.SampleTests-실제 객체가 활성화가 되었는지 여부를 객체를 조회해보기,com.busanit501.jsp_server_project1.springex_0212.sample._2_SampleService_0212@4632cfc
14:30:39.986 [Test worker] INFO  com.busanit501.jsp_server_project1.sample.SampleTests-실제 객체가 활성화가 되었는지 여부를 객체를 조회해보기,_2_SampleService_0212(sampleDAO0212=com.busanit501.jsp_server_project1.springex_0212.sample._3_SampleDAOImpl_0212@29c5ee1d)
14:31:25.006 [Test worker] INFO  com.busanit501.jsp_server_project1.sample.SampleTests-실제 객체가 활성화가 되었는지 여부를 객체를 조회해보기,_2_SampleService_0212(sampleDAO0212=com.busanit501.jsp_server_project1.springex_0212.sample._3_SampleDAOImpl_0212@29c5ee1d)
14:31:29.500 [Test worker] INFO  com.busanit501.jsp_server_project1.sample.SampleTests-실제 객체가 활성화가 되었는지 여부를 객체를 조회해보기,_2_SampleService_0212(sampleDAO0212=com.busanit501.jsp_server_project1.springex_0212.sample._3_SampleDAOImpl_0212@29c5ee1d)
14:35:56.780 [Test worker] INFO  com.busanit501.jsp_server_project1.sample.SampleTests-실제 객체가 활성화가 되었는지 여부를 객체를 조회해보기,_2_SampleService_0212(sampleDAO0212=com.busanit501.jsp_server_project1.springex_0212.sample._4_EventSampleDAOImpl_0212@185f7840)
14:56:52.337 [Test worker] INFO  com.busanit501.jsp_server_project1.sample.SampleTests-실제 객체가 활성화가 되었는지 여부를 객체를 조회해보기,_2_SampleService_0212(sampleDAO0212=com.busanit501.jsp_server_project1.springex_0212.sample._3_SampleDAOImpl_0212@656d10a4)
15:22:27.728 [Test worker] INFO  com.busanit501.jsp_server_project1.sample.SampleTests-실제 객체가 활성화가 되었는지 여부를 객체를 조회해보기,_2_SampleService_0212(sampleDAO0212=com.busanit501.jsp_server_project1.springex_0212.sample._3_SampleDAOImpl_0212@2788d0fe)
15:49:25.407 [Test worker] INFO  com.busanit501.jsp_server_project1.sample.SampleTests-testConnection : HikariProxyConnection@69160933 wrapping org.mariadb.jdbc.Connection@4f966719
16:37:14.698 [Test worker] INFO  com.busanit501.jsp_server_project1.sample.SampleTests-testConnection : HikariProxyConnection@2097435292 wrapping org.mariadb.jdbc.Connection@7d5508e0
11:25:04.852 [Test worker] INFO  com.busanit501.jsp_server_project1.mapper.TimeMapperTests-시간 확인으로 마이바티스 임시 연결 확인 : 2026-02-13 11:25:04
12:00:10.195 [Test worker] INFO  com.busanit501.jsp_server_project1.mapper.TimeMapperTests-시간 확인으로 마이바티스 임시 연결 확인 : 2026-02-13 12:00:10
10:04:11.887 [Test worker] INFO  com.busanit501.jsp_server_project1.service._0209_22_MemberServiceTests-uuid 를 이용한 조회 멤버 서비스 로그인 테스트2 memberDTO: _0209_18_MemberDTO(mid=youjin, mpw=1234, mname=유진, uuid=d91dad94-fd27-45e7-ba7b-29c32b637b89)
10:10:42.399 [Test worker] INFO  com.busanit501.jsp_server_project1.service._0209_22_MemberServiceTests-uuid 를 이용한 조회 멤버 서비스 로그인 테스트2 memberDTO: _0209_18_MemberDTO(mid=youjin, mpw=1234, mname=유진, uuid=d91dad94-fd27-45e7-ba7b-29c32b637b89)
16:36:17.632 [Test worker] INFO  com.busanit501.jsp_server_project1.mapper.TodoMapperTests-시간 확인으로 마이바티스 임시 연결 확인 : 2026-02-19 16:36:17
16:36:29.811 [Test worker] INFO  com.busanit501.jsp_server_project1.mapper.TodoMapperTests-시간 확인으로 마이바티스 임시 연결 확인 : 2026-02-19 16:36:29
10:15:18.696 [Test worker] INFO  com.busanit501.jsp_server_project1.mapper.TodoMapperTests-시간 확인으로 마이바티스 임시 연결 확인 : 2026-02-20 10:15:18
10:19:37.950 [Test worker] INFO  com.busanit501.jsp_server_project1.mapper.TodoMapperTests-시간 확인으로 마이바티스 임시 연결 확인 : 2026-02-20 10:19:37
10:21:11.551 [Test worker] INFO  com.busanit501.jsp_server_project1.mapper.TodoMapperTests-시간 확인으로 마이바티스 임시 연결 확인 : 2026-02-20 10:21:11
10:22:37.807 [Test worker] INFO  com.busanit501.jsp_server_project1.mapper.TodoMapperTests-시간 확인으로 마이바티스 임시 연결 확인 : 2026-02-20 10:22:37
11:23:10.423 [Test worker] INFO  com.busanit501.jsp_server_project1.springex_new_0219_keep.service.TodoServiceImpl- 서비스 작업: insert 기능 작업중. 
11:23:10.444 [Test worker] INFO  com.busanit501.jsp_server_project1.springex_new_0219_keep.service.TodoServiceImpl- 서비스 작업: insert 기능 변환된 todoVO : TodoVO(tno=null, title=오늘 점심 뭐 먹지, dueDate=2026-02-20, finished=false, writer=최유진)
11:27:27.209 [Test worker] INFO  com.busanit501.jsp_server_project1.springex_new_0219_keep.service.TodoServiceImpl- 서비스 작업: insert 기능 작업중. 
11:27:27.229 [Test worker] INFO  com.busanit501.jsp_server_project1.springex_new_0219_keep.service.TodoServiceImpl- 서비스 작업: insert 기능 변환된 todoVO : TodoVO(tno=null, title=오늘 점심 뭐 먹지2, dueDate=2026-02-20, finished=false, writer=최유진2)
16:52:20.255 [Test worker] INFO  com.busanit501.jsp_server_project1.mapper.TodoMapperTests-TodoVO(tno=68, title=오늘 점심 뭐 먹었나용, dueDate=2026-02-28, finished=false, writer=최유진)
16:52:20.256 [Test worker] INFO  com.busanit501.jsp_server_project1.mapper.TodoMapperTests-TodoVO(tno=11, title=오늘 점심 뭐 먹지2, dueDate=2026-02-20, finished=false, writer=최유진2)
16:52:20.256 [Test worker] INFO  com.busanit501.jsp_server_project1.mapper.TodoMapperTests-TodoVO(tno=10, title=오늘 점심 뭐 먹지, dueDate=2026-02-20, finished=false, writer=최유진)
16:52:20.256 [Test worker] INFO  com.busanit501.jsp_server_project1.mapper.TodoMapperTests-TodoVO(tno=9, title=웹서버프로그래밍평가시험수정, dueDate=2026-02-11, finished=false, writer=null)
16:52:20.257 [Test worker] INFO  com.busanit501.jsp_server_project1.mapper.TodoMapperTests-TodoVO(tno=8, title=샘플제목, 오늘 점심 뭐먹지?, dueDate=2026-02-06, finished=true, writer=null)
16:52:20.257 [Test worker] INFO  com.busanit501.jsp_server_project1.mapper.TodoMapperTests-TodoVO(tno=7, title=샘플제목, 오늘 점심 뭐먹지?, dueDate=2026-02-05, finished=true, writer=null)
16:52:20.257 [Test worker] INFO  com.busanit501.jsp_server_project1.mapper.TodoMapperTests-TodoVO(tno=6, title=샘플제목, 오늘 점심 뭐먹지?, dueDate=2026-02-04, finished=true, writer=null)
16:52:20.257 [Test worker] INFO  com.busanit501.jsp_server_project1.mapper.TodoMapperTests-TodoVO(tno=5, title=샘플제목, 오늘 점심 뭐먹지?, dueDate=2026-02-04, finished=true, writer=null)
16:52:20.258 [Test worker] INFO  com.busanit501.jsp_server_project1.mapper.TodoMapperTests-TodoVO(tno=3, title=샘플제목, dueDate=2026-02-03, finished=false, writer=null)
16:52:20.259 [Test worker] INFO  com.busanit501.jsp_server_project1.mapper.TodoMapperTests-TodoVO(tno=1, title=샘플2수정, dueDate=2026-02-03, finished=false, writer=null)
16:53:12.268 [Test worker] INFO  com.busanit501.jsp_server_project1.mapper.TodoMapperTests-TodoVO(tno=68, title=오늘 점심 뭐 먹었나용, dueDate=2026-02-28, finished=false, writer=최유진)
16:53:12.269 [Test worker] INFO  com.busanit501.jsp_server_project1.mapper.TodoMapperTests-TodoVO(tno=11, title=오늘 점심 뭐 먹지2, dueDate=2026-02-20, finished=false, writer=최유진2)
16:53:12.269 [Test worker] INFO  com.busanit501.jsp_server_project1.mapper.TodoMapperTests-TodoVO(tno=10, title=오늘 점심 뭐 먹지, dueDate=2026-02-20, finished=false, writer=최유진)
16:53:12.269 [Test worker] INFO  com.busanit501.jsp_server_project1.mapper.TodoMapperTests-TodoVO(tno=9, title=웹서버프로그래밍평가시험수정, dueDate=2026-02-11, finished=false, writer=null)
16:53:12.270 [Test worker] INFO  com.busanit501.jsp_server_project1.mapper.TodoMapperTests-TodoVO(tno=8, title=샘플제목, 오늘 점심 뭐먹지?, dueDate=2026-02-06, finished=true, writer=null)
16:53:12.270 [Test worker] INFO  com.busanit501.jsp_server_project1.mapper.TodoMapperTests-TodoVO(tno=7, title=샘플제목, 오늘 점심 뭐먹지?, dueDate=2026-02-05, finished=true, writer=null)
16:53:12.270 [Test worker] INFO  com.busanit501.jsp_server_project1.mapper.TodoMapperTests-TodoVO(tno=6, title=샘플제목, 오늘 점심 뭐먹지?, dueDate=2026-02-04, finished=true, writer=null)
16:53:12.270 [Test worker] INFO  com.busanit501.jsp_server_project1.mapper.TodoMapperTests-TodoVO(tno=5, title=샘플제목, 오늘 점심 뭐먹지?, dueDate=2026-02-04, finished=true, writer=null)
16:53:12.270 [Test worker] INFO  com.busanit501.jsp_server_project1.mapper.TodoMapperTests-TodoVO(tno=3, title=샘플제목, dueDate=2026-02-03, finished=false, writer=null)
16:53:12.271 [Test worker] INFO  com.busanit501.jsp_server_project1.mapper.TodoMapperTests-TodoVO(tno=1, title=샘플2수정, dueDate=2026-02-03, finished=false, writer=null)
